2024-08-18 02:28:10,399 - CoverFoxInsurance -INFO - opening browser
2024-08-18 02:28:14,359 - CoverFoxInsurance -INFO - Clicking on gender button
2024-08-18 02:28:15,644 - CoverFoxInsurance -INFO - Clicking on next button
2024-08-18 02:28:17,806 - CoverFoxInsurance -WARN - enter age between 18-90 years
2024-08-18 02:28:17,806 - CoverFoxInsurance -INFO - Handeling age drop down
2024-08-18 02:28:17,900 - CoverFoxInsurance -INFO - Clicking on next button
2024-08-18 02:28:19,135 - CoverFoxInsurance -WARN - please enter valid pin code
2024-08-18 02:28:19,139 - CoverFoxInsurance -INFO - entering pin code
2024-08-18 02:28:19,359 - CoverFoxInsurance -WARN - please enter valid mobile Number
2024-08-18 02:28:19,359 - CoverFoxInsurance -INFO - entering mobile number
2024-08-18 02:28:19,438 - CoverFoxInsurance -INFO - Clicking on continue button
2024-08-18 02:28:22,527 - CoverFoxInsurance -INFO - validating Banners
2024-08-18 02:28:25,547 - CoverFoxInsurance -INFO - validating presence of sort button
2024-08-18 02:28:25,588 - CoverFoxInsurance -INFO - closing browser
2024-08-18 13:08:27,797 - CoverFoxInsurance -INFO - opening browser
2024-08-18 13:08:35,514 - CoverFoxInsurance -INFO - Clicking on gender button
2024-08-18 13:08:36,637 - CoverFoxInsurance -INFO - Clicking on next button
2024-08-18 13:08:39,902 - CoverFoxInsurance -WARN - enter age between 18-90 years
2024-08-18 13:08:39,904 - CoverFoxInsurance -INFO - Handeling age drop down
2024-08-18 13:08:40,045 - CoverFoxInsurance -INFO - Clicking on next button
2024-08-18 13:08:41,354 - CoverFoxInsurance -WARN - please enter valid pin code
2024-08-18 13:08:41,354 - CoverFoxInsurance -INFO - entering pin code
2024-08-18 13:08:41,613 - CoverFoxInsurance -WARN - please enter valid mobile Number
2024-08-18 13:08:41,613 - CoverFoxInsurance -INFO - entering mobile number
2024-08-18 13:08:41,748 - CoverFoxInsurance -INFO - Clicking on continue button
2024-08-18 13:08:44,868 - CoverFoxInsurance -INFO - validating Banners
2024-08-18 13:08:47,892 - CoverFoxInsurance -INFO - validating presence of sort button
2024-08-18 13:08:47,962 - CoverFoxInsurance -INFO - closing browser
2024-08-18 13:13:01,475 - CoverFoxInsurance -INFO - opening browser
2024-08-18 13:13:08,033 - CoverFoxInsurance -INFO - Clicking on gender button
2024-08-18 13:13:09,272 - CoverFoxInsurance -INFO - Clicking on next button
2024-08-18 13:13:12,207 - CoverFoxInsurance -WARN - enter age between 18-90 years
2024-08-18 13:13:12,207 - CoverFoxInsurance -INFO - Handeling age drop down
2024-08-18 13:13:12,327 - CoverFoxInsurance -INFO - Clicking on next button
2024-08-18 13:13:13,659 - CoverFoxInsurance -WARN - please enter valid pin code
2024-08-18 13:13:13,659 - CoverFoxInsurance -INFO - entering pin code
2024-08-18 13:13:13,944 - CoverFoxInsurance -WARN - please enter valid mobile Number
2024-08-18 13:13:13,947 - CoverFoxInsurance -INFO - entering mobile number
2024-08-18 13:13:14,095 - CoverFoxInsurance -INFO - Clicking on continue button
2024-08-18 13:13:17,216 - CoverFoxInsurance -INFO - validating Banners
2024-08-18 13:13:20,239 - CoverFoxInsurance -INFO - validating presence of sort button
2024-08-18 13:13:20,300 - CoverFoxInsurance -INFO - closing browser
